2024-03-08 10:00:16.048096: I tensorflow/core/util/port.cc:110] oneDNN custom operations are on. You may see slightly different numerical results due to floating-point round-off errors from different computation orders. To turn them off, set the environment variable `TF_ENABLE_ONEDNN_OPTS=0`.
2024-03-08 10:00:16.083833: I tensorflow/core/platform/cpu_feature_guard.cc:182] This TensorFlow binary is optimized to use available CPU instructions in performance-critical operations.
To enable the following instructions: SSE4.1 SSE4.2 AVX AVX2 AVX512F AVX512_VNNI FMA, in other operations, rebuild TensorFlow with the appropriate compiler flags.
2024-03-08 10:00:21.501156: I tensorflow/core/common_runtime/gpu/gpu_device.cc:1635] Created device /job:localhost/replica:0/task:0/device:GPU:0 with 38522 MB memory:  -> device: 0, name: NVIDIA A100-PCIE-40GB, pci bus id: 0000:17:00.0, compute capability: 8.0
2024-03-08 10:00:21.938322: I tensorflow/core/common_runtime/executor.cc:1197] [/device:CPU:0] (DEBUG INFO) Executor start aborting (this does not indicate an error and you can ignore this message): INVALID_ARGUMENT: You must feed a value for placeholder tensor 'Placeholder/_0' with dtype string and shape [1]
	 [[{{node Placeholder/_0}}]]
2024-03-08 10:00:21.938558: I tensorflow/core/common_runtime/executor.cc:1197] [/device:CPU:0] (DEBUG INFO) Executor start aborting (this does not indicate an error and you can ignore this message): INVALID_ARGUMENT: You must feed a value for placeholder tensor 'Placeholder/_0' with dtype string and shape [1]
	 [[{{node Placeholder/_0}}]]
2024-03-08 10:00:21.986994: I tensorflow/core/common_runtime/executor.cc:1197] [/device:CPU:0] (DEBUG INFO) Executor start aborting (this does not indicate an error and you can ignore this message): INVALID_ARGUMENT: You must feed a value for placeholder tensor 'Placeholder/_0' with dtype string and shape [1]
	 [[{{node Placeholder/_0}}]]
2024-03-08 10:00:21.987211: I tensorflow/core/common_runtime/executor.cc:1197] [/device:CPU:0] (DEBUG INFO) Executor start aborting (this does not indicate an error and you can ignore this message): INVALID_ARGUMENT: You must feed a value for placeholder tensor 'Placeholder/_0' with dtype string and shape [1]
	 [[{{node Placeholder/_0}}]]
  0%|          | 0/2000 [00:00<?, ?it/s]2024-03-08 10:00:24.344776: I tensorflow/core/common_runtime/executor.cc:1197] [/device:CPU:0] (DEBUG INFO) Executor start aborting (this does not indicate an error and you can ignore this message): INVALID_ARGUMENT: You must feed a value for placeholder tensor 'cond_1/Fill/dims/strided_slice_31' with dtype int32
	 [[{{node cond_1/Fill/dims/strided_slice_31}}]]
2024-03-08 10:00:24.347105: I tensorflow/core/common_runtime/executor.cc:1197] [/device:CPU:0] (DEBUG INFO) Executor start aborting (this does not indicate an error and you can ignore this message): INVALID_ARGUMENT: You must feed a value for placeholder tensor 'cond_1/Fill/dims/strided_slice_31' with dtype int32
	 [[{{node cond_1/Fill/dims/strided_slice_31}}]]
2024-03-08 10:00:24.349506: I tensorflow/core/common_runtime/executor.cc:1197] [/device:CPU:0] (DEBUG INFO) Executor start aborting (this does not indicate an error and you can ignore this message): INVALID_ARGUMENT: You must feed a value for placeholder tensor 'cond_1/Fill/dims/strided_slice_31' with dtype int32
	 [[{{node cond_1/Fill/dims/strided_slice_31}}]]
2024-03-08 10:00:24.373099: I tensorflow/core/common_runtime/executor.cc:1197] [/device:CPU:0] (DEBUG INFO) Executor start aborting (this does not indicate an error and you can ignore this message): INVALID_ARGUMENT: You must feed a value for placeholder tensor 'cond_3/Fill/dims/strided_slice_32' with dtype int32
	 [[{{node cond_3/Fill/dims/strided_slice_32}}]]
2024-03-08 10:00:24.375376: I tensorflow/core/common_runtime/executor.cc:1197] [/device:CPU:0] (DEBUG INFO) Executor start aborting (this does not indicate an error and you can ignore this message): INVALID_ARGUMENT: You must feed a value for placeholder tensor 'cond_3/Fill/dims/strided_slice_32' with dtype int32
	 [[{{node cond_3/Fill/dims/strided_slice_32}}]]
2024-03-08 10:00:24.377748: I tensorflow/core/common_runtime/executor.cc:1197] [/device:CPU:0] (DEBUG INFO) Executor start aborting (this does not indicate an error and you can ignore this message): INVALID_ARGUMENT: You must feed a value for placeholder tensor 'cond_3/Fill/dims/strided_slice_32' with dtype int32
	 [[{{node cond_3/Fill/dims/strided_slice_32}}]]
2024-03-08 10:00:24.402124: I tensorflow/core/common_runtime/executor.cc:1197] [/device:CPU:0] (DEBUG INFO) Executor start aborting (this does not indicate an error and you can ignore this message): INVALID_ARGUMENT: You must feed a value for placeholder tensor 'cond_5/Fill/dims/strided_slice_33' with dtype int32
	 [[{{node cond_5/Fill/dims/strided_slice_33}}]]
2024-03-08 10:00:24.404395: I tensorflow/core/common_runtime/executor.cc:1197] [/device:CPU:0] (DEBUG INFO) Executor start aborting (this does not indicate an error and you can ignore this message): INVALID_ARGUMENT: You must feed a value for placeholder tensor 'cond_5/Fill/dims/strided_slice_33' with dtype int32
	 [[{{node cond_5/Fill/dims/strided_slice_33}}]]
2024-03-08 10:00:24.406714: I tensorflow/core/common_runtime/executor.cc:1197] [/device:CPU:0] (DEBUG INFO) Executor start aborting (this does not indicate an error and you can ignore this message): INVALID_ARGUMENT: You must feed a value for placeholder tensor 'cond_5/Fill/dims/strided_slice_33' with dtype int32
	 [[{{node cond_5/Fill/dims/strided_slice_33}}]]
2024-03-08 10:00:24.429915: I tensorflow/core/common_runtime/executor.cc:1197] [/device:CPU:0] (DEBUG INFO) Executor start aborting (this does not indicate an error and you can ignore this message): INVALID_ARGUMENT: You must feed a value for placeholder tensor 'cond_7/Fill/dims/strided_slice_34' with dtype int32
	 [[{{node cond_7/Fill/dims/strided_slice_34}}]]
2024-03-08 10:00:24.432167: I tensorflow/core/common_runtime/executor.cc:1197] [/device:CPU:0] (DEBUG INFO) Executor start aborting (this does not indicate an error and you can ignore this message): INVALID_ARGUMENT: You must feed a value for placeholder tensor 'cond_7/Fill/dims/strided_slice_34' with dtype int32
	 [[{{node cond_7/Fill/dims/strided_slice_34}}]]
2024-03-08 10:00:24.434474: I tensorflow/core/common_runtime/executor.cc:1197] [/device:CPU:0] (DEBUG INFO) Executor start aborting (this does not indicate an error and you can ignore this message): INVALID_ARGUMENT: You must feed a value for placeholder tensor 'cond_7/Fill/dims/strided_slice_34' with dtype int32
	 [[{{node cond_7/Fill/dims/strided_slice_34}}]]
2024-03-08 10:00:24.458086: I tensorflow/core/common_runtime/executor.cc:1197] [/device:CPU:0] (DEBUG INFO) Executor start aborting (this does not indicate an error and you can ignore this message): INVALID_ARGUMENT: You must feed a value for placeholder tensor 'cond_9/Fill/dims/strided_slice_35' with dtype int32
	 [[{{node cond_9/Fill/dims/strided_slice_35}}]]
2024-03-08 10:00:24.460301: I tensorflow/core/common_runtime/executor.cc:1197] [/device:CPU:0] (DEBUG INFO) Executor start aborting (this does not indicate an error and you can ignore this message): INVALID_ARGUMENT: You must feed a value for placeholder tensor 'cond_9/Fill/dims/strided_slice_35' with dtype int32
	 [[{{node cond_9/Fill/dims/strided_slice_35}}]]
2024-03-08 10:00:24.462632: I tensorflow/core/common_runtime/executor.cc:1197] [/device:CPU:0] (DEBUG INFO) Executor start aborting (this does not indicate an error and you can ignore this message): INVALID_ARGUMENT: You must feed a value for placeholder tensor 'cond_9/Fill/dims/strided_slice_35' with dtype int32
	 [[{{node cond_9/Fill/dims/strided_slice_35}}]]
2024-03-08 10:00:24.486192: I tensorflow/core/common_runtime/executor.cc:1197] [/device:CPU:0] (DEBUG INFO) Executor start aborting (this does not indicate an error and you can ignore this message): INVALID_ARGUMENT: You must feed a value for placeholder tensor 'cond_11/Fill/dims/strided_slice_36' with dtype int32
	 [[{{node cond_11/Fill/dims/strided_slice_36}}]]
2024-03-08 10:00:24.488448: I tensorflow/core/common_runtime/executor.cc:1197] [/device:CPU:0] (DEBUG INFO) Executor start aborting (this does not indicate an error and you can ignore this message): INVALID_ARGUMENT: You must feed a value for placeholder tensor 'cond_11/Fill/dims/strided_slice_36' with dtype int32
	 [[{{node cond_11/Fill/dims/strided_slice_36}}]]
2024-03-08 10:00:24.490827: I tensorflow/core/common_runtime/executor.cc:1197] [/device:CPU:0] (DEBUG INFO) Executor start aborting (this does not indicate an error and you can ignore this message): INVALID_ARGUMENT: You must feed a value for placeholder tensor 'cond_11/Fill/dims/strided_slice_36' with dtype int32
	 [[{{node cond_11/Fill/dims/strided_slice_36}}]]
2024-03-08 10:00:24.513925: I tensorflow/core/common_runtime/executor.cc:1197] [/device:CPU:0] (DEBUG INFO) Executor start aborting (this does not indicate an error and you can ignore this message): INVALID_ARGUMENT: You must feed a value for placeholder tensor 'cond_13/Fill/dims/strided_slice_37' with dtype int32
	 [[{{node cond_13/Fill/dims/strided_slice_37}}]]
2024-03-08 10:00:24.516189: I tensorflow/core/common_runtime/executor.cc:1197] [/device:CPU:0] (DEBUG INFO) Executor start aborting (this does not indicate an error and you can ignore this message): INVALID_ARGUMENT: You must feed a value for placeholder tensor 'cond_13/Fill/dims/strided_slice_37' with dtype int32
	 [[{{node cond_13/Fill/dims/strided_slice_37}}]]
2024-03-08 10:00:24.518506: I tensorflow/core/common_runtime/executor.cc:1197] [/device:CPU:0] (DEBUG INFO) Executor start aborting (this does not indicate an error and you can ignore this message): INVALID_ARGUMENT: You must feed a value for placeholder tensor 'cond_13/Fill/dims/strided_slice_37' with dtype int32
	 [[{{node cond_13/Fill/dims/strided_slice_37}}]]
2024-03-08 10:00:24.542118: I tensorflow/core/common_runtime/executor.cc:1197] [/device:CPU:0] (DEBUG INFO) Executor start aborting (this does not indicate an error and you can ignore this message): INVALID_ARGUMENT: You must feed a value for placeholder tensor 'cond_15/Fill/dims/strided_slice_38' with dtype int32
	 [[{{node cond_15/Fill/dims/strided_slice_38}}]]
2024-03-08 10:00:24.544406: I tensorflow/core/common_runtime/executor.cc:1197] [/device:CPU:0] (DEBUG INFO) Executor start aborting (this does not indicate an error and you can ignore this message): INVALID_ARGUMENT: You must feed a value for placeholder tensor 'cond_15/Fill/dims/strided_slice_38' with dtype int32
	 [[{{node cond_15/Fill/dims/strided_slice_38}}]]
2024-03-08 10:00:24.546756: I tensorflow/core/common_runtime/executor.cc:1197] [/device:CPU:0] (DEBUG INFO) Executor start aborting (this does not indicate an error and you can ignore this message): INVALID_ARGUMENT: You must feed a value for placeholder tensor 'cond_15/Fill/dims/strided_slice_38' with dtype int32
	 [[{{node cond_15/Fill/dims/strided_slice_38}}]]
2024-03-08 10:00:24.570089: I tensorflow/core/common_runtime/executor.cc:1197] [/device:CPU:0] (DEBUG INFO) Executor start aborting (this does not indicate an error and you can ignore this message): INVALID_ARGUMENT: You must feed a value for placeholder tensor 'cond_17/Fill/dims/strided_slice_39' with dtype int32
	 [[{{node cond_17/Fill/dims/strided_slice_39}}]]
2024-03-08 10:00:24.572317: I tensorflow/core/common_runtime/executor.cc:1197] [/device:CPU:0] (DEBUG INFO) Executor start aborting (this does not indicate an error and you can ignore this message): INVALID_ARGUMENT: You must feed a value for placeholder tensor 'cond_17/Fill/dims/strided_slice_39' with dtype int32
	 [[{{node cond_17/Fill/dims/strided_slice_39}}]]
2024-03-08 10:00:24.574669: I tensorflow/core/common_runtime/executor.cc:1197] [/device:CPU:0] (DEBUG INFO) Executor start aborting (this does not indicate an error and you can ignore this message): INVALID_ARGUMENT: You must feed a value for placeholder tensor 'cond_17/Fill/dims/strided_slice_39' with dtype int32
	 [[{{node cond_17/Fill/dims/strided_slice_39}}]]
2024-03-08 10:00:24.597960: I tensorflow/core/common_runtime/executor.cc:1197] [/device:CPU:0] (DEBUG INFO) Executor start aborting (this does not indicate an error and you can ignore this message): INVALID_ARGUMENT: You must feed a value for placeholder tensor 'cond_19/Fill/dims/strided_slice_40' with dtype int32
	 [[{{node cond_19/Fill/dims/strided_slice_40}}]]
2024-03-08 10:00:24.600183: I tensorflow/core/common_runtime/executor.cc:1197] [/device:CPU:0] (DEBUG INFO) Executor start aborting (this does not indicate an error and you can ignore this message): INVALID_ARGUMENT: You must feed a value for placeholder tensor 'cond_19/Fill/dims/strided_slice_40' with dtype int32
	 [[{{node cond_19/Fill/dims/strided_slice_40}}]]
2024-03-08 10:00:24.602540: I tensorflow/core/common_runtime/executor.cc:1197] [/device:CPU:0] (DEBUG INFO) Executor start aborting (this does not indicate an error and you can ignore this message): INVALID_ARGUMENT: You must feed a value for placeholder tensor 'cond_19/Fill/dims/strided_slice_40' with dtype int32
	 [[{{node cond_19/Fill/dims/strided_slice_40}}]]
2024-03-08 10:00:24.626453: I tensorflow/core/common_runtime/executor.cc:1197] [/device:CPU:0] (DEBUG INFO) Executor start aborting (this does not indicate an error and you can ignore this message): INVALID_ARGUMENT: You must feed a value for placeholder tensor 'cond_21/Fill/dims/strided_slice_41' with dtype int32
	 [[{{node cond_21/Fill/dims/strided_slice_41}}]]
2024-03-08 10:00:24.628706: I tensorflow/core/common_runtime/executor.cc:1197] [/device:CPU:0] (DEBUG INFO) Executor start aborting (this does not indicate an error and you can ignore this message): INVALID_ARGUMENT: You must feed a value for placeholder tensor 'cond_21/Fill/dims/strided_slice_41' with dtype int32
	 [[{{node cond_21/Fill/dims/strided_slice_41}}]]
2024-03-08 10:00:24.631039: I tensorflow/core/common_runtime/executor.cc:1197] [/device:CPU:0] (DEBUG INFO) Executor start aborting (this does not indicate an error and you can ignore this message): INVALID_ARGUMENT: You must feed a value for placeholder tensor 'cond_21/Fill/dims/strided_slice_41' with dtype int32
	 [[{{node cond_21/Fill/dims/strided_slice_41}}]]
2024-03-08 10:00:24.654513: I tensorflow/core/common_runtime/executor.cc:1197] [/device:CPU:0] (DEBUG INFO) Executor start aborting (this does not indicate an error and you can ignore this message): INVALID_ARGUMENT: You must feed a value for placeholder tensor 'cond_23/Fill/dims/strided_slice_42' with dtype int32
	 [[{{node cond_23/Fill/dims/strided_slice_42}}]]
2024-03-08 10:00:24.656768: I tensorflow/core/common_runtime/executor.cc:1197] [/device:CPU:0] (DEBUG INFO) Executor start aborting (this does not indicate an error and you can ignore this message): INVALID_ARGUMENT: You must feed a value for placeholder tensor 'cond_23/Fill/dims/strided_slice_42' with dtype int32
	 [[{{node cond_23/Fill/dims/strided_slice_42}}]]
2024-03-08 10:00:24.659168: I tensorflow/core/common_runtime/executor.cc:1197] [/device:CPU:0] (DEBUG INFO) Executor start aborting (this does not indicate an error and you can ignore this message): INVALID_ARGUMENT: You must feed a value for placeholder tensor 'cond_23/Fill/dims/strided_slice_42' with dtype int32
	 [[{{node cond_23/Fill/dims/strided_slice_42}}]]
2024-03-08 10:00:24.682561: I tensorflow/core/common_runtime/executor.cc:1197] [/device:CPU:0] (DEBUG INFO) Executor start aborting (this does not indicate an error and you can ignore this message): INVALID_ARGUMENT: You must feed a value for placeholder tensor 'cond_25/Fill/dims/strided_slice_43' with dtype int32
	 [[{{node cond_25/Fill/dims/strided_slice_43}}]]
2024-03-08 10:00:24.684818: I tensorflow/core/common_runtime/executor.cc:1197] [/device:CPU:0] (DEBUG INFO) Executor start aborting (this does not indicate an error and you can ignore this message): INVALID_ARGUMENT: You must feed a value for placeholder tensor 'cond_25/Fill/dims/strided_slice_43' with dtype int32
	 [[{{node cond_25/Fill/dims/strided_slice_43}}]]
2024-03-08 10:00:24.687179: I tensorflow/core/common_runtime/executor.cc:1197] [/device:CPU:0] (DEBUG INFO) Executor start aborting (this does not indicate an error and you can ignore this message): INVALID_ARGUMENT: You must feed a value for placeholder tensor 'cond_25/Fill/dims/strided_slice_43' with dtype int32
	 [[{{node cond_25/Fill/dims/strided_slice_43}}]]
2024-03-08 10:00:24.710709: I tensorflow/core/common_runtime/executor.cc:1197] [/device:CPU:0] (DEBUG INFO) Executor start aborting (this does not indicate an error and you can ignore this message): INVALID_ARGUMENT: You must feed a value for placeholder tensor 'cond_27/Fill/dims/strided_slice_44' with dtype int32
	 [[{{node cond_27/Fill/dims/strided_slice_44}}]]
2024-03-08 10:00:24.712972: I tensorflow/core/common_runtime/executor.cc:1197] [/device:CPU:0] (DEBUG INFO) Executor start aborting (this does not indicate an error and you can ignore this message): INVALID_ARGUMENT: You must feed a value for placeholder tensor 'cond_27/Fill/dims/strided_slice_44' with dtype int32
	 [[{{node cond_27/Fill/dims/strided_slice_44}}]]
2024-03-08 10:00:24.715362: I tensorflow/core/common_runtime/executor.cc:1197] [/device:CPU:0] (DEBUG INFO) Executor start aborting (this does not indicate an error and you can ignore this message): INVALID_ARGUMENT: You must feed a value for placeholder tensor 'cond_27/Fill/dims/strided_slice_44' with dtype int32
	 [[{{node cond_27/Fill/dims/strided_slice_44}}]]
2024-03-08 10:00:24.738677: I tensorflow/core/common_runtime/executor.cc:1197] [/device:CPU:0] (DEBUG INFO) Executor start aborting (this does not indicate an error and you can ignore this message): INVALID_ARGUMENT: You must feed a value for placeholder tensor 'cond_29/Fill/dims/strided_slice_45' with dtype int32
	 [[{{node cond_29/Fill/dims/strided_slice_45}}]]
2024-03-08 10:00:24.740902: I tensorflow/core/common_runtime/executor.cc:1197] [/device:CPU:0] (DEBUG INFO) Executor start aborting (this does not indicate an error and you can ignore this message): INVALID_ARGUMENT: You must feed a value for placeholder tensor 'cond_29/Fill/dims/strided_slice_45' with dtype int32
	 [[{{node cond_29/Fill/dims/strided_slice_45}}]]
2024-03-08 10:00:24.743237: I tensorflow/core/common_runtime/executor.cc:1197] [/device:CPU:0] (DEBUG INFO) Executor start aborting (this does not indicate an error and you can ignore this message): INVALID_ARGUMENT: You must feed a value for placeholder tensor 'cond_29/Fill/dims/strided_slice_45' with dtype int32
	 [[{{node cond_29/Fill/dims/strided_slice_45}}]]
2024-03-08 10:00:34.874649: I tensorflow/core/common_runtime/executor.cc:1197] [/device:CPU:0] (DEBUG INFO) Executor start aborting (this does not indicate an error and you can ignore this message): INVALID_ARGUMENT: You must feed a value for placeholder tensor 'cond_1/Fill/dims/strided_slice_31' with dtype int32
	 [[{{node cond_1/Fill/dims/strided_slice_31}}]]
2024-03-08 10:00:34.877521: I tensorflow/core/common_runtime/executor.cc:1197] [/device:CPU:0] (DEBUG INFO) Executor start aborting (this does not indicate an error and you can ignore this message): INVALID_ARGUMENT: You must feed a value for placeholder tensor 'cond_1/Fill/dims/strided_slice_31' with dtype int32
	 [[{{node cond_1/Fill/dims/strided_slice_31}}]]
2024-03-08 10:00:34.879803: I tensorflow/core/common_runtime/executor.cc:1197] [/device:CPU:0] (DEBUG INFO) Executor start aborting (this does not indicate an error and you can ignore this message): INVALID_ARGUMENT: You must feed a value for placeholder tensor 'cond_1/Fill/dims/strided_slice_31' with dtype int32
	 [[{{node cond_1/Fill/dims/strided_slice_31}}]]
2024-03-08 10:00:34.902473: I tensorflow/core/common_runtime/executor.cc:1197] [/device:CPU:0] (DEBUG INFO) Executor start aborting (this does not indicate an error and you can ignore this message): INVALID_ARGUMENT: You must feed a value for placeholder tensor 'cond_3/Fill/dims/strided_slice_32' with dtype int32
	 [[{{node cond_3/Fill/dims/strided_slice_32}}]]
2024-03-08 10:00:34.904692: I tensorflow/core/common_runtime/executor.cc:1197] [/device:CPU:0] (DEBUG INFO) Executor start aborting (this does not indicate an error and you can ignore this message): INVALID_ARGUMENT: You must feed a value for placeholder tensor 'cond_3/Fill/dims/strided_slice_32' with dtype int32
	 [[{{node cond_3/Fill/dims/strided_slice_32}}]]
2024-03-08 10:00:34.906871: I tensorflow/core/common_runtime/executor.cc:1197] [/device:CPU:0] (DEBUG INFO) Executor start aborting (this does not indicate an error and you can ignore this message): INVALID_ARGUMENT: You must feed a value for placeholder tensor 'cond_3/Fill/dims/strided_slice_32' with dtype int32
	 [[{{node cond_3/Fill/dims/strided_slice_32}}]]
2024-03-08 10:00:34.929792: I tensorflow/core/common_runtime/executor.cc:1197] [/device:CPU:0] (DEBUG INFO) Executor start aborting (this does not indicate an error and you can ignore this message): INVALID_ARGUMENT: You must feed a value for placeholder tensor 'cond_5/Fill/dims/strided_slice_33' with dtype int32
	 [[{{node cond_5/Fill/dims/strided_slice_33}}]]
2024-03-08 10:00:34.931990: I tensorflow/core/common_runtime/executor.cc:1197] [/device:CPU:0] (DEBUG INFO) Executor start aborting (this does not indicate an error and you can ignore this message): INVALID_ARGUMENT: You must feed a value for placeholder tensor 'cond_5/Fill/dims/strided_slice_33' with dtype int32
	 [[{{node cond_5/Fill/dims/strided_slice_33}}]]
2024-03-08 10:00:34.934233: I tensorflow/core/common_runtime/executor.cc:1197] [/device:CPU:0] (DEBUG INFO) Executor start aborting (this does not indicate an error and you can ignore this message): INVALID_ARGUMENT: You must feed a value for placeholder tensor 'cond_5/Fill/dims/strided_slice_33' with dtype int32
	 [[{{node cond_5/Fill/dims/strided_slice_33}}]]
2024-03-08 10:00:34.957108: I tensorflow/core/common_runtime/executor.cc:1197] [/device:CPU:0] (DEBUG INFO) Executor start aborting (this does not indicate an error and you can ignore this message): INVALID_ARGUMENT: You must feed a value for placeholder tensor 'cond_7/Fill/dims/strided_slice_34' with dtype int32
	 [[{{node cond_7/Fill/dims/strided_slice_34}}]]
2024-03-08 10:00:34.959332: I tensorflow/core/common_runtime/executor.cc:1197] [/device:CPU:0] (DEBUG INFO) Executor start aborting (this does not indicate an error and you can ignore this message): INVALID_ARGUMENT: You must feed a value for placeholder tensor 'cond_7/Fill/dims/strided_slice_34' with dtype int32
	 [[{{node cond_7/Fill/dims/strided_slice_34}}]]
2024-03-08 10:00:34.961588: I tensorflow/core/common_runtime/executor.cc:1197] [/device:CPU:0] (DEBUG INFO) Executor start aborting (this does not indicate an error and you can ignore this message): INVALID_ARGUMENT: You must feed a value for placeholder tensor 'cond_7/Fill/dims/strided_slice_34' with dtype int32
	 [[{{node cond_7/Fill/dims/strided_slice_34}}]]
2024-03-08 10:00:34.984497: I tensorflow/core/common_runtime/executor.cc:1197] [/device:CPU:0] (DEBUG INFO) Executor start aborting (this does not indicate an error and you can ignore this message): INVALID_ARGUMENT: You must feed a value for placeholder tensor 'cond_9/Fill/dims/strided_slice_35' with dtype int32
	 [[{{node cond_9/Fill/dims/strided_slice_35}}]]
2024-03-08 10:00:34.986644: I tensorflow/core/common_runtime/executor.cc:1197] [/device:CPU:0] (DEBUG INFO) Executor start aborting (this does not indicate an error and you can ignore this message): INVALID_ARGUMENT: You must feed a value for placeholder tensor 'cond_9/Fill/dims/strided_slice_35' with dtype int32
	 [[{{node cond_9/Fill/dims/strided_slice_35}}]]
2024-03-08 10:00:34.988799: I tensorflow/core/common_runtime/executor.cc:1197] [/device:CPU:0] (DEBUG INFO) Executor start aborting (this does not indicate an error and you can ignore this message): INVALID_ARGUMENT: You must feed a value for placeholder tensor 'cond_9/Fill/dims/strided_slice_35' with dtype int32
	 [[{{node cond_9/Fill/dims/strided_slice_35}}]]
2024-03-08 10:00:35.011592: I tensorflow/core/common_runtime/executor.cc:1197] [/device:CPU:0] (DEBUG INFO) Executor start aborting (this does not indicate an error and you can ignore this message): INVALID_ARGUMENT: You must feed a value for placeholder tensor 'cond_11/Fill/dims/strided_slice_36' with dtype int32
	 [[{{node cond_11/Fill/dims/strided_slice_36}}]]
2024-03-08 10:00:35.013784: I tensorflow/core/common_runtime/executor.cc:1197] [/device:CPU:0] (DEBUG INFO) Executor start aborting (this does not indicate an error and you can ignore this message): INVALID_ARGUMENT: You must feed a value for placeholder tensor 'cond_11/Fill/dims/strided_slice_36' with dtype int32
	 [[{{node cond_11/Fill/dims/strided_slice_36}}]]
2024-03-08 10:00:35.015964: I tensorflow/core/common_runtime/executor.cc:1197] [/device:CPU:0] (DEBUG INFO) Executor start aborting (this does not indicate an error and you can ignore this message): INVALID_ARGUMENT: You must feed a value for placeholder tensor 'cond_11/Fill/dims/strided_slice_36' with dtype int32
	 [[{{node cond_11/Fill/dims/strided_slice_36}}]]
2024-03-08 10:00:35.038379: I tensorflow/core/common_runtime/executor.cc:1197] [/device:CPU:0] (DEBUG INFO) Executor start aborting (this does not indicate an error and you can ignore this message): INVALID_ARGUMENT: You must feed a value for placeholder tensor 'cond_13/Fill/dims/strided_slice_37' with dtype int32
	 [[{{node cond_13/Fill/dims/strided_slice_37}}]]
2024-03-08 10:00:35.040574: I tensorflow/core/common_runtime/executor.cc:1197] [/device:CPU:0] (DEBUG INFO) Executor start aborting (this does not indicate an error and you can ignore this message): INVALID_ARGUMENT: You must feed a value for placeholder tensor 'cond_13/Fill/dims/strided_slice_37' with dtype int32
	 [[{{node cond_13/Fill/dims/strided_slice_37}}]]
2024-03-08 10:00:35.042789: I tensorflow/core/common_runtime/executor.cc:1197] [/device:CPU:0] (DEBUG INFO) Executor start aborting (this does not indicate an error and you can ignore this message): INVALID_ARGUMENT: You must feed a value for placeholder tensor 'cond_13/Fill/dims/strided_slice_37' with dtype int32
	 [[{{node cond_13/Fill/dims/strided_slice_37}}]]
2024-03-08 10:00:35.065430: I tensorflow/core/common_runtime/executor.cc:1197] [/device:CPU:0] (DEBUG INFO) Executor start aborting (this does not indicate an error and you can ignore this message): INVALID_ARGUMENT: You must feed a value for placeholder tensor 'cond_15/Fill/dims/strided_slice_38' with dtype int32
	 [[{{node cond_15/Fill/dims/strided_slice_38}}]]
2024-03-08 10:00:35.067628: I tensorflow/core/common_runtime/executor.cc:1197] [/device:CPU:0] (DEBUG INFO) Executor start aborting (this does not indicate an error and you can ignore this message): INVALID_ARGUMENT: You must feed a value for placeholder tensor 'cond_15/Fill/dims/strided_slice_38' with dtype int32
	 [[{{node cond_15/Fill/dims/strided_slice_38}}]]
2024-03-08 10:00:35.069827: I tensorflow/core/common_runtime/executor.cc:1197] [/device:CPU:0] (DEBUG INFO) Executor start aborting (this does not indicate an error and you can ignore this message): INVALID_ARGUMENT: You must feed a value for placeholder tensor 'cond_15/Fill/dims/strided_slice_38' with dtype int32
	 [[{{node cond_15/Fill/dims/strided_slice_38}}]]
2024-03-08 10:00:35.092781: I tensorflow/core/common_runtime/executor.cc:1197] [/device:CPU:0] (DEBUG INFO) Executor start aborting (this does not indicate an error and you can ignore this message): INVALID_ARGUMENT: You must feed a value for placeholder tensor 'cond_17/Fill/dims/strided_slice_39' with dtype int32
	 [[{{node cond_17/Fill/dims/strided_slice_39}}]]
2024-03-08 10:00:35.095078: I tensorflow/core/common_runtime/executor.cc:1197] [/device:CPU:0] (DEBUG INFO) Executor start aborting (this does not indicate an error and you can ignore this message): INVALID_ARGUMENT: You must feed a value for placeholder tensor 'cond_17/Fill/dims/strided_slice_39' with dtype int32
	 [[{{node cond_17/Fill/dims/strided_slice_39}}]]
2024-03-08 10:00:35.097374: I tensorflow/core/common_runtime/executor.cc:1197] [/device:CPU:0] (DEBUG INFO) Executor start aborting (this does not indicate an error and you can ignore this message): INVALID_ARGUMENT: You must feed a value for placeholder tensor 'cond_17/Fill/dims/strided_slice_39' with dtype int32
	 [[{{node cond_17/Fill/dims/strided_slice_39}}]]
2024-03-08 10:00:35.120687: I tensorflow/core/common_runtime/executor.cc:1197] [/device:CPU:0] (DEBUG INFO) Executor start aborting (this does not indicate an error and you can ignore this message): INVALID_ARGUMENT: You must feed a value for placeholder tensor 'cond_19/Fill/dims/strided_slice_40' with dtype int32
	 [[{{node cond_19/Fill/dims/strided_slice_40}}]]
2024-03-08 10:00:35.122991: I tensorflow/core/common_runtime/executor.cc:1197] [/device:CPU:0] (DEBUG INFO) Executor start aborting (this does not indicate an error and you can ignore this message): INVALID_ARGUMENT: You must feed a value for placeholder tensor 'cond_19/Fill/dims/strided_slice_40' with dtype int32
	 [[{{node cond_19/Fill/dims/strided_slice_40}}]]
2024-03-08 10:00:35.125201: I tensorflow/core/common_runtime/executor.cc:1197] [/device:CPU:0] (DEBUG INFO) Executor start aborting (this does not indicate an error and you can ignore this message): INVALID_ARGUMENT: You must feed a value for placeholder tensor 'cond_19/Fill/dims/strided_slice_40' with dtype int32
	 [[{{node cond_19/Fill/dims/strided_slice_40}}]]
2024-03-08 10:00:35.148590: I tensorflow/core/common_runtime/executor.cc:1197] [/device:CPU:0] (DEBUG INFO) Executor start aborting (this does not indicate an error and you can ignore this message): INVALID_ARGUMENT: You must feed a value for placeholder tensor 'cond_21/Fill/dims/strided_slice_41' with dtype int32
	 [[{{node cond_21/Fill/dims/strided_slice_41}}]]
2024-03-08 10:00:35.150833: I tensorflow/core/common_runtime/executor.cc:1197] [/device:CPU:0] (DEBUG INFO) Executor start aborting (this does not indicate an error and you can ignore this message): INVALID_ARGUMENT: You must feed a value for placeholder tensor 'cond_21/Fill/dims/strided_slice_41' with dtype int32
	 [[{{node cond_21/Fill/dims/strided_slice_41}}]]
2024-03-08 10:00:35.153056: I tensorflow/core/common_runtime/executor.cc:1197] [/device:CPU:0] (DEBUG INFO) Executor start aborting (this does not indicate an error and you can ignore this message): INVALID_ARGUMENT: You must feed a value for placeholder tensor 'cond_21/Fill/dims/strided_slice_41' with dtype int32
	 [[{{node cond_21/Fill/dims/strided_slice_41}}]]
2024-03-08 10:00:35.176852: I tensorflow/core/common_runtime/executor.cc:1197] [/device:CPU:0] (DEBUG INFO) Executor start aborting (this does not indicate an error and you can ignore this message): INVALID_ARGUMENT: You must feed a value for placeholder tensor 'cond_23/Fill/dims/strided_slice_42' with dtype int32
	 [[{{node cond_23/Fill/dims/strided_slice_42}}]]
2024-03-08 10:00:35.179095: I tensorflow/core/common_runtime/executor.cc:1197] [/device:CPU:0] (DEBUG INFO) Executor start aborting (this does not indicate an error and you can ignore this message): INVALID_ARGUMENT: You must feed a value for placeholder tensor 'cond_23/Fill/dims/strided_slice_42' with dtype int32
	 [[{{node cond_23/Fill/dims/strided_slice_42}}]]
2024-03-08 10:00:35.181425: I tensorflow/core/common_runtime/executor.cc:1197] [/device:CPU:0] (DEBUG INFO) Executor start aborting (this does not indicate an error and you can ignore this message): INVALID_ARGUMENT: You must feed a value for placeholder tensor 'cond_23/Fill/dims/strided_slice_42' with dtype int32
	 [[{{node cond_23/Fill/dims/strided_slice_42}}]]
2024-03-08 10:00:35.204863: I tensorflow/core/common_runtime/executor.cc:1197] [/device:CPU:0] (DEBUG INFO) Executor start aborting (this does not indicate an error and you can ignore this message): INVALID_ARGUMENT: You must feed a value for placeholder tensor 'cond_25/Fill/dims/strided_slice_43' with dtype int32
	 [[{{node cond_25/Fill/dims/strided_slice_43}}]]
2024-03-08 10:00:35.207086: I tensorflow/core/common_runtime/executor.cc:1197] [/device:CPU:0] (DEBUG INFO) Executor start aborting (this does not indicate an error and you can ignore this message): INVALID_ARGUMENT: You must feed a value for placeholder tensor 'cond_25/Fill/dims/strided_slice_43' with dtype int32
	 [[{{node cond_25/Fill/dims/strided_slice_43}}]]
2024-03-08 10:00:35.209361: I tensorflow/core/common_runtime/executor.cc:1197] [/device:CPU:0] (DEBUG INFO) Executor start aborting (this does not indicate an error and you can ignore this message): INVALID_ARGUMENT: You must feed a value for placeholder tensor 'cond_25/Fill/dims/strided_slice_43' with dtype int32
	 [[{{node cond_25/Fill/dims/strided_slice_43}}]]
2024-03-08 10:00:35.232695: I tensorflow/core/common_runtime/executor.cc:1197] [/device:CPU:0] (DEBUG INFO) Executor start aborting (this does not indicate an error and you can ignore this message): INVALID_ARGUMENT: You must feed a value for placeholder tensor 'cond_27/Fill/dims/strided_slice_44' with dtype int32
	 [[{{node cond_27/Fill/dims/strided_slice_44}}]]
2024-03-08 10:00:35.234900: I tensorflow/core/common_runtime/executor.cc:1197] [/device:CPU:0] (DEBUG INFO) Executor start aborting (this does not indicate an error and you can ignore this message): INVALID_ARGUMENT: You must feed a value for placeholder tensor 'cond_27/Fill/dims/strided_slice_44' with dtype int32
	 [[{{node cond_27/Fill/dims/strided_slice_44}}]]
2024-03-08 10:00:35.237151: I tensorflow/core/common_runtime/executor.cc:1197] [/device:CPU:0] (DEBUG INFO) Executor start aborting (this does not indicate an error and you can ignore this message): INVALID_ARGUMENT: You must feed a value for placeholder tensor 'cond_27/Fill/dims/strided_slice_44' with dtype int32
	 [[{{node cond_27/Fill/dims/strided_slice_44}}]]
2024-03-08 10:00:35.260460: I tensorflow/core/common_runtime/executor.cc:1197] [/device:CPU:0] (DEBUG INFO) Executor start aborting (this does not indicate an error and you can ignore this message): INVALID_ARGUMENT: You must feed a value for placeholder tensor 'cond_29/Fill/dims/strided_slice_45' with dtype int32
	 [[{{node cond_29/Fill/dims/strided_slice_45}}]]
2024-03-08 10:00:35.262778: I tensorflow/core/common_runtime/executor.cc:1197] [/device:CPU:0] (DEBUG INFO) Executor start aborting (this does not indicate an error and you can ignore this message): INVALID_ARGUMENT: You must feed a value for placeholder tensor 'cond_29/Fill/dims/strided_slice_45' with dtype int32
	 [[{{node cond_29/Fill/dims/strided_slice_45}}]]
2024-03-08 10:00:35.264998: I tensorflow/core/common_runtime/executor.cc:1197] [/device:CPU:0] (DEBUG INFO) Executor start aborting (this does not indicate an error and you can ignore this message): INVALID_ARGUMENT: You must feed a value for placeholder tensor 'cond_29/Fill/dims/strided_slice_45' with dtype int32
	 [[{{node cond_29/Fill/dims/strided_slice_45}}]]
2024-03-08 10:00:44.479498: I tensorflow/compiler/xla/stream_executor/cuda/cuda_blas.cc:637] TensorFloat-32 will be used for the matrix multiplication. This will only be logged once.
2024-03-08 10:00:44.650505: I tensorflow/tsl/platform/default/subprocess.cc:304] Start cannot spawn child process: No such file or directory
2024-03-08 10:00:45.287954: I tensorflow/compiler/xla/service/service.cc:169] XLA service 0x146e79bae0e0 initialized for platform CUDA (this does not guarantee that XLA will be used). Devices:
2024-03-08 10:00:45.287987: I tensorflow/compiler/xla/service/service.cc:177]   StreamExecutor device (0): NVIDIA A100-PCIE-40GB, Compute Capability 8.0
2024-03-08 10:00:45.291557: I tensorflow/compiler/mlir/tensorflow/utils/dump_mlir_util.cc:269] disabling MLIR crash reproducer, set env var `MLIR_CRASH_REPRODUCER_DIRECTORY` to enable.
2024-03-08 10:00:45.303631: I tensorflow/compiler/xla/stream_executor/cuda/cuda_dnn.cc:424] Loaded cuDNN version 8902
2024-03-08 10:00:45.374945: I ./tensorflow/compiler/jit/device_compiler.h:180] Compiled cluster using XLA!  This line is logged at most once for the lifetime of the process.
  0%|          | 1/2000 [00:23<13:08:58, 23.68s/it]  0%|          | 2/2000 [00:23<5:27:51,  9.85s/it]   0%|          | 3/2000 [00:23<3:00:25,  5.42s/it]  0%|          | 4/2000 [00:24<1:51:01,  3.34s/it]  0%|          | 5/2000 [00:24<1:12:40,  2.19s/it]  0%|          | 6/2000 [00:24<49:31,  1.49s/it]    0%|          | 7/2000 [00:24<34:45,  1.05s/it]  0%|          | 8/2000 [00:24<25:05,  1.32it/s]  0%|          | 9/2000 [00:24<18:36,  1.78it/s]evaluate
2024-03-08 10:00:55.549340: I tensorflow/core/common_runtime/executor.cc:1197] [/device:CPU:0] (DEBUG INFO) Executor start aborting (this does not indicate an error and you can ignore this message): INVALID_ARGUMENT: You must feed a value for placeholder tensor 'cond_1/Fill/dims/strided_slice_30' with dtype int32
	 [[{{node cond_1/Fill/dims/strided_slice_30}}]]
2024-03-08 10:00:55.551589: I tensorflow/core/common_runtime/executor.cc:1197] [/device:CPU:0] (DEBUG INFO) Executor start aborting (this does not indicate an error and you can ignore this message): INVALID_ARGUMENT: You must feed a value for placeholder tensor 'cond_1/Fill/dims/strided_slice_30' with dtype int32
	 [[{{node cond_1/Fill/dims/strided_slice_30}}]]
2024-03-08 10:00:55.553746: I tensorflow/core/common_runtime/executor.cc:1197] [/device:CPU:0] (DEBUG INFO) Executor start aborting (this does not indicate an error and you can ignore this message): INVALID_ARGUMENT: You must feed a value for placeholder tensor 'cond_1/Fill/dims/strided_slice_30' with dtype int32
	 [[{{node cond_1/Fill/dims/strided_slice_30}}]]
2024-03-08 10:00:55.576977: I tensorflow/core/common_runtime/executor.cc:1197] [/device:CPU:0] (DEBUG INFO) Executor start aborting (this does not indicate an error and you can ignore this message): INVALID_ARGUMENT: You must feed a value for placeholder tensor 'cond_3/Fill/dims/strided_slice_31' with dtype int32
	 [[{{node cond_3/Fill/dims/strided_slice_31}}]]
2024-03-08 10:00:55.579173: I tensorflow/core/common_runtime/executor.cc:1197] [/device:CPU:0] (DEBUG INFO) Executor start aborting (this does not indicate an error and you can ignore this message): INVALID_ARGUMENT: You must feed a value for placeholder tensor 'cond_3/Fill/dims/strided_slice_31' with dtype int32
	 [[{{node cond_3/Fill/dims/strided_slice_31}}]]
2024-03-08 10:00:55.581347: I tensorflow/core/common_runtime/executor.cc:1197] [/device:CPU:0] (DEBUG INFO) Executor start aborting (this does not indicate an error and you can ignore this message): INVALID_ARGUMENT: You must feed a value for placeholder tensor 'cond_3/Fill/dims/strided_slice_31' with dtype int32
	 [[{{node cond_3/Fill/dims/strided_slice_31}}]]
2024-03-08 10:00:55.605011: I tensorflow/core/common_runtime/executor.cc:1197] [/device:CPU:0] (DEBUG INFO) Executor start aborting (this does not indicate an error and you can ignore this message): INVALID_ARGUMENT: You must feed a value for placeholder tensor 'cond_5/Fill/dims/strided_slice_32' with dtype int32
	 [[{{node cond_5/Fill/dims/strided_slice_32}}]]
2024-03-08 10:00:55.607125: I tensorflow/core/common_runtime/executor.cc:1197] [/device:CPU:0] (DEBUG INFO) Executor start aborting (this does not indicate an error and you can ignore this message): INVALID_ARGUMENT: You must feed a value for placeholder tensor 'cond_5/Fill/dims/strided_slice_32' with dtype int32
	 [[{{node cond_5/Fill/dims/strided_slice_32}}]]
2024-03-08 10:00:55.609228: I tensorflow/core/common_runtime/executor.cc:1197] [/device:CPU:0] (DEBUG INFO) Executor start aborting (this does not indicate an error and you can ignore this message): INVALID_ARGUMENT: You must feed a value for placeholder tensor 'cond_5/Fill/dims/strided_slice_32' with dtype int32
	 [[{{node cond_5/Fill/dims/strided_slice_32}}]]
2024-03-08 10:00:55.632161: I tensorflow/core/common_runtime/executor.cc:1197] [/device:CPU:0] (DEBUG INFO) Executor start aborting (this does not indicate an error and you can ignore this message): INVALID_ARGUMENT: You must feed a value for placeholder tensor 'cond_7/Fill/dims/strided_slice_33' with dtype int32
	 [[{{node cond_7/Fill/dims/strided_slice_33}}]]
2024-03-08 10:00:55.634368: I tensorflow/core/common_runtime/executor.cc:1197] [/device:CPU:0] (DEBUG INFO) Executor start aborting (this does not indicate an error and you can ignore this message): INVALID_ARGUMENT: You must feed a value for placeholder tensor 'cond_7/Fill/dims/strided_slice_33' with dtype int32
	 [[{{node cond_7/Fill/dims/strided_slice_33}}]]
2024-03-08 10:00:55.636512: I tensorflow/core/common_runtime/executor.cc:1197] [/device:CPU:0] (DEBUG INFO) Executor start aborting (this does not indicate an error and you can ignore this message): INVALID_ARGUMENT: You must feed a value for placeholder tensor 'cond_7/Fill/dims/strided_slice_33' with dtype int32
	 [[{{node cond_7/Fill/dims/strided_slice_33}}]]
2024-03-08 10:00:55.659530: I tensorflow/core/common_runtime/executor.cc:1197] [/device:CPU:0] (DEBUG INFO) Executor start aborting (this does not indicate an error and you can ignore this message): INVALID_ARGUMENT: You must feed a value for placeholder tensor 'cond_9/Fill/dims/strided_slice_34' with dtype int32
	 [[{{node cond_9/Fill/dims/strided_slice_34}}]]
2024-03-08 10:00:55.661672: I tensorflow/core/common_runtime/executor.cc:1197] [/device:CPU:0] (DEBUG INFO) Executor start aborting (this does not indicate an error and you can ignore this message): INVALID_ARGUMENT: You must feed a value for placeholder tensor 'cond_9/Fill/dims/strided_slice_34' with dtype int32
	 [[{{node cond_9/Fill/dims/strided_slice_34}}]]
2024-03-08 10:00:55.663862: I tensorflow/core/common_runtime/executor.cc:1197] [/device:CPU:0] (DEBUG INFO) Executor start aborting (this does not indicate an error and you can ignore this message): INVALID_ARGUMENT: You must feed a value for placeholder tensor 'cond_9/Fill/dims/strided_slice_34' with dtype int32
	 [[{{node cond_9/Fill/dims/strided_slice_34}}]]
2024-03-08 10:00:55.687278: I tensorflow/core/common_runtime/executor.cc:1197] [/device:CPU:0] (DEBUG INFO) Executor start aborting (this does not indicate an error and you can ignore this message): INVALID_ARGUMENT: You must feed a value for placeholder tensor 'cond_11/Fill/dims/strided_slice_35' with dtype int32
	 [[{{node cond_11/Fill/dims/strided_slice_35}}]]
2024-03-08 10:00:55.689410: I tensorflow/core/common_runtime/executor.cc:1197] [/device:CPU:0] (DEBUG INFO) Executor start aborting (this does not indicate an error and you can ignore this message): INVALID_ARGUMENT: You must feed a value for placeholder tensor 'cond_11/Fill/dims/strided_slice_35' with dtype int32
	 [[{{node cond_11/Fill/dims/strided_slice_35}}]]
2024-03-08 10:00:55.691531: I tensorflow/core/common_runtime/executor.cc:1197] [/device:CPU:0] (DEBUG INFO) Executor start aborting (this does not indicate an error and you can ignore this message): INVALID_ARGUMENT: You must feed a value for placeholder tensor 'cond_11/Fill/dims/strided_slice_35' with dtype int32
	 [[{{node cond_11/Fill/dims/strided_slice_35}}]]
2024-03-08 10:00:55.715832: I tensorflow/core/common_runtime/executor.cc:1197] [/device:CPU:0] (DEBUG INFO) Executor start aborting (this does not indicate an error and you can ignore this message): INVALID_ARGUMENT: You must feed a value for placeholder tensor 'cond_13/Fill/dims/strided_slice_36' with dtype int32
	 [[{{node cond_13/Fill/dims/strided_slice_36}}]]
2024-03-08 10:00:55.717950: I tensorflow/core/common_runtime/executor.cc:1197] [/device:CPU:0] (DEBUG INFO) Executor start aborting (this does not indicate an error and you can ignore this message): INVALID_ARGUMENT: You must feed a value for placeholder tensor 'cond_13/Fill/dims/strided_slice_36' with dtype int32
	 [[{{node cond_13/Fill/dims/strided_slice_36}}]]
2024-03-08 10:00:55.720104: I tensorflow/core/common_runtime/executor.cc:1197] [/device:CPU:0] (DEBUG INFO) Executor start aborting (this does not indicate an error and you can ignore this message): INVALID_ARGUMENT: You must feed a value for placeholder tensor 'cond_13/Fill/dims/strided_slice_36' with dtype int32
	 [[{{node cond_13/Fill/dims/strided_slice_36}}]]
2024-03-08 10:00:55.742979: I tensorflow/core/common_runtime/executor.cc:1197] [/device:CPU:0] (DEBUG INFO) Executor start aborting (this does not indicate an error and you can ignore this message): INVALID_ARGUMENT: You must feed a value for placeholder tensor 'cond_15/Fill/dims/strided_slice_37' with dtype int32
	 [[{{node cond_15/Fill/dims/strided_slice_37}}]]
2024-03-08 10:00:55.745109: I tensorflow/core/common_runtime/executor.cc:1197] [/device:CPU:0] (DEBUG INFO) Executor start aborting (this does not indicate an error and you can ignore this message): INVALID_ARGUMENT: You must feed a value for placeholder tensor 'cond_15/Fill/dims/strided_slice_37' with dtype int32
	 [[{{node cond_15/Fill/dims/strided_slice_37}}]]
2024-03-08 10:00:55.747263: I tensorflow/core/common_runtime/executor.cc:1197] [/device:CPU:0] (DEBUG INFO) Executor start aborting (this does not indicate an error and you can ignore this message): INVALID_ARGUMENT: You must feed a value for placeholder tensor 'cond_15/Fill/dims/strided_slice_37' with dtype int32
	 [[{{node cond_15/Fill/dims/strided_slice_37}}]]
2024-03-08 10:00:55.770180: I tensorflow/core/common_runtime/executor.cc:1197] [/device:CPU:0] (DEBUG INFO) Executor start aborting (this does not indicate an error and you can ignore this message): INVALID_ARGUMENT: You must feed a value for placeholder tensor 'cond_17/Fill/dims/strided_slice_38' with dtype int32
	 [[{{node cond_17/Fill/dims/strided_slice_38}}]]
2024-03-08 10:00:55.772360: I tensorflow/core/common_runtime/executor.cc:1197] [/device:CPU:0] (DEBUG INFO) Executor start aborting (this does not indicate an error and you can ignore this message): INVALID_ARGUMENT: You must feed a value for placeholder tensor 'cond_17/Fill/dims/strided_slice_38' with dtype int32
	 [[{{node cond_17/Fill/dims/strided_slice_38}}]]
2024-03-08 10:00:55.774608: I tensorflow/core/common_runtime/executor.cc:1197] [/device:CPU:0] (DEBUG INFO) Executor start aborting (this does not indicate an error and you can ignore this message): INVALID_ARGUMENT: You must feed a value for placeholder tensor 'cond_17/Fill/dims/strided_slice_38' with dtype int32
	 [[{{node cond_17/Fill/dims/strided_slice_38}}]]
2024-03-08 10:00:55.797800: I tensorflow/core/common_runtime/executor.cc:1197] [/device:CPU:0] (DEBUG INFO) Executor start aborting (this does not indicate an error and you can ignore this message): INVALID_ARGUMENT: You must feed a value for placeholder tensor 'cond_19/Fill/dims/strided_slice_39' with dtype int32
	 [[{{node cond_19/Fill/dims/strided_slice_39}}]]
2024-03-08 10:00:55.799949: I tensorflow/core/common_runtime/executor.cc:1197] [/device:CPU:0] (DEBUG INFO) Executor start aborting (this does not indicate an error and you can ignore this message): INVALID_ARGUMENT: You must feed a value for placeholder tensor 'cond_19/Fill/dims/strided_slice_39' with dtype int32
	 [[{{node cond_19/Fill/dims/strided_slice_39}}]]
2024-03-08 10:00:55.802102: I tensorflow/core/common_runtime/executor.cc:1197] [/device:CPU:0] (DEBUG INFO) Executor start aborting (this does not indicate an error and you can ignore this message): INVALID_ARGUMENT: You must feed a value for placeholder tensor 'cond_19/Fill/dims/strided_slice_39' with dtype int32
	 [[{{node cond_19/Fill/dims/strided_slice_39}}]]
2024-03-08 10:00:55.825488: I tensorflow/core/common_runtime/executor.cc:1197] [/device:CPU:0] (DEBUG INFO) Executor start aborting (this does not indicate an error and you can ignore this message): INVALID_ARGUMENT: You must feed a value for placeholder tensor 'cond_21/Fill/dims/strided_slice_40' with dtype int32
	 [[{{node cond_21/Fill/dims/strided_slice_40}}]]
2024-03-08 10:00:55.827638: I tensorflow/core/common_runtime/executor.cc:1197] [/device:CPU:0] (DEBUG INFO) Executor start aborting (this does not indicate an error and you can ignore this message): INVALID_ARGUMENT: You must feed a value for placeholder tensor 'cond_21/Fill/dims/strided_slice_40' with dtype int32
	 [[{{node cond_21/Fill/dims/strided_slice_40}}]]
2024-03-08 10:00:55.829762: I tensorflow/core/common_runtime/executor.cc:1197] [/device:CPU:0] (DEBUG INFO) Executor start aborting (this does not indicate an error and you can ignore this message): INVALID_ARGUMENT: You must feed a value for placeholder tensor 'cond_21/Fill/dims/strided_slice_40' with dtype int32
	 [[{{node cond_21/Fill/dims/strided_slice_40}}]]
2024-03-08 10:00:55.852758: I tensorflow/core/common_runtime/executor.cc:1197] [/device:CPU:0] (DEBUG INFO) Executor start aborting (this does not indicate an error and you can ignore this message): INVALID_ARGUMENT: You must feed a value for placeholder tensor 'cond_23/Fill/dims/strided_slice_41' with dtype int32
	 [[{{node cond_23/Fill/dims/strided_slice_41}}]]
2024-03-08 10:00:55.854989: I tensorflow/core/common_runtime/executor.cc:1197] [/device:CPU:0] (DEBUG INFO) Executor start aborting (this does not indicate an error and you can ignore this message): INVALID_ARGUMENT: You must feed a value for placeholder tensor 'cond_23/Fill/dims/strided_slice_41' with dtype int32
	 [[{{node cond_23/Fill/dims/strided_slice_41}}]]
2024-03-08 10:00:55.857170: I tensorflow/core/common_runtime/executor.cc:1197] [/device:CPU:0] (DEBUG INFO) Executor start aborting (this does not indicate an error and you can ignore this message): INVALID_ARGUMENT: You must feed a value for placeholder tensor 'cond_23/Fill/dims/strided_slice_41' with dtype int32
	 [[{{node cond_23/Fill/dims/strided_slice_41}}]]
2024-03-08 10:00:55.880029: I tensorflow/core/common_runtime/executor.cc:1197] [/device:CPU:0] (DEBUG INFO) Executor start aborting (this does not indicate an error and you can ignore this message): INVALID_ARGUMENT: You must feed a value for placeholder tensor 'cond_25/Fill/dims/strided_slice_42' with dtype int32
	 [[{{node cond_25/Fill/dims/strided_slice_42}}]]
2024-03-08 10:00:55.882176: I tensorflow/core/common_runtime/executor.cc:1197] [/device:CPU:0] (DEBUG INFO) Executor start aborting (this does not indicate an error and you can ignore this message): INVALID_ARGUMENT: You must feed a value for placeholder tensor 'cond_25/Fill/dims/strided_slice_42' with dtype int32
	 [[{{node cond_25/Fill/dims/strided_slice_42}}]]
2024-03-08 10:00:55.884304: I tensorflow/core/common_runtime/executor.cc:1197] [/device:CPU:0] (DEBUG INFO) Executor start aborting (this does not indicate an error and you can ignore this message): INVALID_ARGUMENT: You must feed a value for placeholder tensor 'cond_25/Fill/dims/strided_slice_42' with dtype int32
	 [[{{node cond_25/Fill/dims/strided_slice_42}}]]
2024-03-08 10:00:55.907310: I tensorflow/core/common_runtime/executor.cc:1197] [/device:CPU:0] (DEBUG INFO) Executor start aborting (this does not indicate an error and you can ignore this message): INVALID_ARGUMENT: You must feed a value for placeholder tensor 'cond_27/Fill/dims/strided_slice_43' with dtype int32
	 [[{{node cond_27/Fill/dims/strided_slice_43}}]]
2024-03-08 10:00:55.909499: I tensorflow/core/common_runtime/executor.cc:1197] [/device:CPU:0] (DEBUG INFO) Executor start aborting (this does not indicate an error and you can ignore this message): INVALID_ARGUMENT: You must feed a value for placeholder tensor 'cond_27/Fill/dims/strided_slice_43' with dtype int32
	 [[{{node cond_27/Fill/dims/strided_slice_43}}]]
2024-03-08 10:00:55.911654: I tensorflow/core/common_runtime/executor.cc:1197] [/device:CPU:0] (DEBUG INFO) Executor start aborting (this does not indicate an error and you can ignore this message): INVALID_ARGUMENT: You must feed a value for placeholder tensor 'cond_27/Fill/dims/strided_slice_43' with dtype int32
	 [[{{node cond_27/Fill/dims/strided_slice_43}}]]
2024-03-08 10:00:55.934366: I tensorflow/core/common_runtime/executor.cc:1197] [/device:CPU:0] (DEBUG INFO) Executor start aborting (this does not indicate an error and you can ignore this message): INVALID_ARGUMENT: You must feed a value for placeholder tensor 'cond_29/Fill/dims/strided_slice_44' with dtype int32
	 [[{{node cond_29/Fill/dims/strided_slice_44}}]]
2024-03-08 10:00:55.936552: I tensorflow/core/common_runtime/executor.cc:1197] [/device:CPU:0] (DEBUG INFO) Executor start aborting (this does not indicate an error and you can ignore this message): INVALID_ARGUMENT: You must feed a value for placeholder tensor 'cond_29/Fill/dims/strided_slice_44' with dtype int32
	 [[{{node cond_29/Fill/dims/strided_slice_44}}]]
2024-03-08 10:00:55.938690: I tensorflow/core/common_runtime/executor.cc:1197] [/device:CPU:0] (DEBUG INFO) Executor start aborting (this does not indicate an error and you can ignore this message): INVALID_ARGUMENT: You must feed a value for placeholder tensor 'cond_29/Fill/dims/strided_slice_44' with dtype int32
	 [[{{node cond_29/Fill/dims/strided_slice_44}}]]
  0%|          | 9/2000 [00:38<2:23:03,  4.31s/it]
Traceback (most recent call last):
  File "/home/za1320/Github/diff-rt-calibration/code/train_crossband.py", line 245, in <module>
    train()
  File "/home/za1320/Github/diff-rt-calibration/code/train_crossband.py", line 217, in train
    next_item = next(validation_set_iter, None)
                ^^^^^^^^^^^^^^^^^^^^^^^^^^^^^^^
  File "/home/za1320/.conda/envs/tfanplus/lib/python3.11/site-packages/tensorflow/python/data/ops/iterator_ops.py", line 797, in __next__
    return self._next_internal()
           ^^^^^^^^^^^^^^^^^^^^^
  File "/home/za1320/.conda/envs/tfanplus/lib/python3.11/site-packages/tensorflow/python/data/ops/iterator_ops.py", line 780, in _next_internal
    ret = gen_dataset_ops.iterator_get_next(
          ^^^^^^^^^^^^^^^^^^^^^^^^^^^^^^^^^^
  File "/home/za1320/.conda/envs/tfanplus/lib/python3.11/site-packages/tensorflow/python/ops/gen_dataset_ops.py", line 3016, in iterator_get_next
    _ops.raise_from_not_ok_status(e, name)
  File "/home/za1320/.conda/envs/tfanplus/lib/python3.11/site-packages/tensorflow/python/framework/ops.py", line 7262, in raise_from_not_ok_status
    raise core._status_to_exception(e) from None  # pylint: disable=protected-access
    ^^^^^^^^^^^^^^^^^^^^^^^^^^^^^^^^^^^^^^^^^^^^
tensorflow.python.framework.errors_impl.InvalidArgumentError: {{function_node __wrapped__IteratorGetNext_output_types_95_device_/job:localhost/replica:0/task:0/device:CPU:0}} Cannot batch tensors with different shapes in component 3. First element had shape [64,65] and element 7 had shape [64,0]. [Op:IteratorGetNext]
